<?xml version="1.0" encoding="UTF-8"?>
<!-- Generated by org.testng.reporters.JUnitReportReporter -->
<testsuite hostname="CLIENT-PC" failures="0" tests="3" name="com.comcast.creatorganization.Contact_test" time="0.035" errors="0" timestamp="21 Sep 2021 20:58:56 GMT" skipped="0">
  <testcase classname="com.comcast.creatorganization.Contact_test" name="createorganization" time="0.004"/>
  <testcase classname="com.comcast.creatorganization.Contact_test" name="createcontact" time="0.029"/>
  <testcase classname="com.comcast.creatorganization.Contact_test" name="deletecontact" time="0.002"/>
</testsuite> <!-- com.comcast.creatorganization.Contact_test -->
