<?xml version="1.0" encoding="UTF-8"?>
<!-- Generated by org.testng.reporters.JUnitReportReporter -->
<testsuite hostname="CLIENT-PC" failures="0" tests="3" name="com.comcast.creatorganization.ContactTest" time="0.035" errors="0" timestamp="21 Sep 2021 21:41:11 GMT" skipped="0">
  <testcase classname="com.comcast.creatorganization.ContactTest" name="createorganizationTest" time="0.005"/>
  <testcase classname="com.comcast.creatorganization.ContactTest" name="createcontactTest" time="0.025"/>
  <testcase classname="com.comcast.creatorganization.ContactTest" name="deletecontactTest" time="0.005"/>
</testsuite> <!-- com.comcast.creatorganization.ContactTest -->
